<?xml version="1.0" encoding="UTF-8"?>
<!-- Generated by org.testng.reporters.JUnitReportReporter -->
<testsuite hostname="DESKTOP-7Q2IIGH" name="selenium.Firstclass" tests="1" failures="0" timestamp="11 Sep 2017 18:49:32 GMT" time="16.046" errors="0">
  <testcase name="mahesh" time="16.046" classname="selenium.Firstclass"/>
</testsuite> <!-- selenium.Firstclass -->
