<?xml version="1.0" encoding="UTF-8"?>
<!-- Generated by org.testng.reporters.JUnitReportReporter -->
<testsuite hostname="DESKTOP-7Q2IIGH" name="selenium.Windowshandling" tests="1" failures="0" timestamp="13 Sep 2017 06:18:54 GMT" time="10.724" errors="0">
  <testcase name="wind" time="10.724" classname="selenium.Windowshandling"/>
</testsuite> <!-- selenium.Windowshandling -->
