<?xml version="1.0" encoding="UTF-8"?>
<!-- Generated by org.testng.reporters.JUnitReportReporter -->
<testsuite hostname="BIJILI" name="selenium.TLW" tests="3" failures="0" timestamp="17 Sep 2017 18:03:03 GMT" time="40.417" errors="0">
  <testcase name="tes" time="10.336" classname="selenium.TLW"/>
  <testcase name="links" time="12.461" classname="selenium.TLW"/>
  <testcase name="mnc" time="17.620" classname="selenium.TLW"/>
</testsuite> <!-- selenium.TLW -->
