<?xml version="1.0" encoding="UTF-8"?>
<!-- Generated by org.testng.reporters.JUnitReportReporter -->
<testsuite hostname="DESKTOP-7Q2IIGH" name="selenium.WebTable" tests="1" failures="0" timestamp="12 Sep 2017 19:06:30 GMT" time="31.580" errors="0">
  <testcase name="dynamicTable" time="31.580" classname="selenium.WebTable"/>
</testsuite> <!-- selenium.WebTable -->
