<?xml version="1.0" encoding="UTF-8"?>
<!-- Generated by org.testng.reporters.JUnitReportReporter -->
<testsuite hostname="DESKTOP-7Q2IIGH" name="selenium.Css" tests="1" failures="0" timestamp="12 Sep 2017 17:20:32 GMT" time="22.056" errors="0">
  <testcase name="mahesh" time="22.056" classname="selenium.Css"/>
</testsuite> <!-- selenium.Css -->
