<?xml version="1.0" encoding="UTF-8"?>
<!-- Generated by org.testng.reporters.JUnitReportReporter -->
<testsuite hostname="SYS-PC" name="suite1.Login" tests="1" failures="0" timestamp="20 Nov 2014 02:50:36 GMT" time="15.447" errors="0">
  <testcase name="testLogin" time="15.447" classname="suite1.Login"/>
</testsuite> <!-- suite1.Login -->
