<?xml version="1.0" encoding="UTF-8"?>
<!-- Generated by org.testng.reporters.JUnitReportReporter -->
<testsuite hostname="SYS-PC" name="suite1.A" tests="1" failures="0" timestamp="22 Nov 2014 04:46:01 GMT" time="6.117" errors="0">
  <testcase name="testA" time="6.117" classname="suite1.A"/>
</testsuite> <!-- suite1.A -->
