<?xml version="1.0" encoding="UTF-8"?>
<!-- Generated by org.testng.reporters.JUnitReportReporter -->
<testsuite hostname="SYS-PC" name="suite1.GMailTest" tests="1" failures="0" timestamp="21 Nov 2014 04:09:20 GMT" time="1.951" errors="0">
  <testcase name="testGmail" time="1.951" classname="suite1.GMailTest"/>
</testsuite> <!-- suite1.GMailTest -->
