<?xml version="1.0" encoding="UTF-8"?>
<!-- Generated by org.testng.reporters.JUnitReportReporter -->
<testsuite hostname="SYS-PC" name="suite1.SwitchingSaltModule" tests="1" failures="0" timestamp="20 Nov 2014 02:35:52 GMT" time="18.511" errors="0">
  <testcase name="testSalt" time="18.511" classname="suite1.SwitchingSaltModule"/>
</testsuite> <!-- suite1.SwitchingSaltModule -->
