<?xml version="1.0" encoding="UTF-8"?>
<!-- Generated by org.testng.reporters.JUnitReportReporter -->
<testsuite hostname="welcome" name="qtdemos.LinksDemo" tests="1" failures="0" timestamp="27 Feb 2015 09:28:26 GMT" time="65.465" errors="0">
  <testcase name="links" time="65.465" classname="qtdemos.LinksDemo"/>
</testsuite> <!-- qtdemos.LinksDemo -->
