<?xml version="1.0" encoding="UTF-8"?>
<!-- Generated by org.testng.reporters.JUnitReportReporter -->
<testsuite hostname="welcome" name="qtdemos.AjaxDemo" tests="1" failures="0" timestamp="23 Feb 2015 04:35:32 GMT" time="87.008" errors="0">
  <testcase name="testAjax" time="87.008" classname="qtdemos.AjaxDemo"/>
</testsuite> <!-- qtdemos.AjaxDemo -->
