<?xml version="1.0" encoding="UTF-8"?>
<!-- Generated by org.testng.reporters.JUnitReportReporter -->
<testsuite hostname="welcome" name="qtdemos.NewTabDemo" tests="1" failures="0" timestamp="23 Feb 2015 10:46:50 GMT" time="35.145" errors="0">
  <testcase name="testNewTab" time="35.145" classname="qtdemos.NewTabDemo"/>
</testsuite> <!-- qtdemos.NewTabDemo -->
