<?xml version="1.0" encoding="UTF-8"?>
<!-- Generated by org.testng.reporters.JUnitReportReporter -->
<testsuite hostname="welcome" name="qtdemos.BrowserHistoryDemo" tests="1" failures="0" timestamp="23 Feb 2015 04:35:32 GMT" time="97.065" errors="0">
  <testcase name="testBrowserHistory" time="97.065" classname="qtdemos.BrowserHistoryDemo"/>
</testsuite> <!-- qtdemos.BrowserHistoryDemo -->
