<?xml version="1.0" encoding="UTF-8"?>
<!-- Generated by org.testng.reporters.JUnitReportReporter -->
<testsuite hostname="DESKTOP-J4LHG4U" name="projects.firtclass" tests="1" failures="0" timestamp="10 Jan 2018 00:02:41 GMT" time="44.716" errors="0">
  <testcase name="mm" time="44.716" classname="projects.firtclass"/>
</testsuite> <!-- projects.firtclass -->
