<?xml version="1.0" encoding="UTF-8"?>
<!-- Generated by org.testng.reporters.JUnitReportReporter -->
<testsuite hostname="DESKTOP-J4LHG4U" name="scripts.rrrr" tests="1" failures="0" timestamp="28 Dec 2017 17:11:45 GMT" time="1.056" errors="0">
  <testcase name="ss" time="1.056" classname="scripts.rrrr"/>
</testsuite> <!-- scripts.rrrr -->
