<?xml version="1.0" encoding="UTF-8"?>
<!-- Generated by org.testng.reporters.JUnitReportReporter -->
<testsuite hostname="DESKTOP-J4LHG4U" name="scripts.Orangehrm" tests="1" failures="0" timestamp="19 Dec 2017 17:44:43 GMT" time="28.346" errors="0">
  <testcase name="mm" time="28.346" classname="scripts.Orangehrm"/>
</testsuite> <!-- scripts.Orangehrm -->
