<?xml version="1.0" encoding="UTF-8"?>
<!-- Generated by org.testng.reporters.JUnitReportReporter -->
<testsuite hostname="DESKTOP-J4LHG4U" name="scripts.Gridclass" tests="1" failures="0" timestamp="8 Dec 2017 15:35:35 GMT" time="12.433" errors="0">
  <testcase name="setupa" time="12.433" classname="scripts.Gridclass"/>
</testsuite> <!-- scripts.Gridclass -->
