<?xml version="1.0" encoding="UTF-8"?>
<!-- Generated by org.testng.reporters.JUnitReportReporter -->
<testsuite hostname="welcome" name="targetPack.Draganddrop" tests="1" failures="0" timestamp="11 Mar 2015 07:16:44 GMT" time="50.076" errors="0">
  <testcase name="meth3" time="50.076" classname="targetPack.Draganddrop"/>
</testsuite> <!-- targetPack.Draganddrop -->
