<?xml version="1.0" encoding="UTF-8"?>
<!-- Generated by org.testng.reporters.JUnitReportReporter -->
<testsuite hostname="welcome" name="targetPack.LinksDemo2" tests="1" failures="0" timestamp="25 Jun 2015 12:13:52 GMT" time="155.344" errors="0">
  <testcase name="setuplinks" time="155.344" classname="targetPack.LinksDemo2"/>
</testsuite> <!-- targetPack.LinksDemo2 -->
