<?xml version="1.0" encoding="UTF-8"?>
<!-- Generated by org.testng.reporters.JUnitReportReporter -->
<testsuite hostname="welcome" name="targetPack.Autoitdownload" tests="1" failures="0" timestamp="13 Mar 2015 07:06:05 GMT" time="29.084" errors="0">
  <testcase name="testDownload" time="29.084" classname="targetPack.Autoitdownload"/>
</testsuite> <!-- targetPack.Autoitdownload -->
