<?xml version="1.0" encoding="UTF-8"?>
<!-- Generated by org.testng.reporters.JUnitReportReporter -->
<testsuite hostname="welcome" name="targetPack.AutoIt" tests="1" failures="0" timestamp="13 Mar 2015 06:23:36 GMT" time="21.831" errors="0">
  <testcase name="upload" time="21.831" classname="targetPack.AutoIt"/>
</testsuite> <!-- targetPack.AutoIt -->
