<?xml version="1.0" encoding="UTF-8"?>
<!-- Generated by org.testng.reporters.JUnitReportReporter -->
<testsuite hostname="welcome" name="targetPack.KeyboardActions" tests="1" failures="0" timestamp="23 Feb 2015 10:50:15 GMT" time="55.355" errors="0">
  <testcase name="meth3" time="55.355" classname="targetPack.KeyboardActions"/>
</testsuite> <!-- targetPack.KeyboardActions -->
