<?xml version="1.0" encoding="UTF-8"?>
<!-- Generated by org.testng.reporters.JUnitReportReporter -->
<testsuite hostname="welcome" name="targetPack.Webtable3" tests="1" failures="0" timestamp="23 Feb 2015 12:24:19 GMT" time="29.341" errors="0">
  <testcase name="dynamicTable" time="29.341" classname="targetPack.Webtable3"/>
</testsuite> <!-- targetPack.Webtable3 -->
