<?xml version="1.0" encoding="UTF-8"?>
<!-- Generated by org.testng.reporters.JUnitReportReporter -->
<testsuite hostname="welcome" name="targetPack.Webtable" tests="1" failures="0" timestamp="23 Feb 2015 12:07:39 GMT" time="21.262" errors="0">
  <testcase name="dynamicTable" time="21.262" classname="targetPack.Webtable"/>
</testsuite> <!-- targetPack.Webtable -->
