<?xml version="1.0" encoding="UTF-8"?>
<!-- Generated by org.testng.reporters.JUnitReportReporter -->
<testsuite hostname="welcome" name="targetPack.Webtable2" tests="1" failures="0" timestamp="23 Feb 2015 12:06:54 GMT" time="27.798" errors="0">
  <testcase name="dynamicTable" time="27.798" classname="targetPack.Webtable2"/>
</testsuite> <!-- targetPack.Webtable2 -->
