<?xml version="1.0" encoding="UTF-8"?>
<!-- Generated by org.testng.reporters.JUnitReportReporter -->
<testsuite hostname="welcome" name="targetPack.Screenshots" tests="1" failures="0" timestamp="19 Feb 2015 06:45:00 GMT" time="24.229" errors="0">
  <testcase name="methd3" time="24.229" classname="targetPack.Screenshots"/>
</testsuite> <!-- targetPack.Screenshots -->
