<?xml version="1.0" encoding="UTF-8"?>
<!-- Generated by org.testng.reporters.JUnitReportReporter -->
<testsuite hostname="BIJILI-PC" name="targetPack.GroupT" tests="2" failures="0" timestamp="24 Aug 2016 05:36:01 GMT" time="0.043" errors="0">
  <testcase name="meth1" time="0.042" classname="targetPack.GroupT"/>
  <testcase name="meth3" time="0.001" classname="targetPack.GroupT"/>
</testsuite> <!-- targetPack.GroupT -->
