<?xml version="1.0" encoding="UTF-8"?>
<!-- Generated by org.testng.reporters.JUnitReportReporter -->
<testsuite hostname="SYS-PC" name="targetpack.LinksDemo" tests="1" failures="0" timestamp="3 Jan 2015 03:20:52 GMT" time="17.290" errors="0">
  <testcase name="testLinks" time="17.290" classname="targetpack.LinksDemo"/>
</testsuite> <!-- targetpack.LinksDemo -->
