<?xml version="1.0" encoding="UTF-8"?>
<!-- Generated by org.testng.reporters.JUnitReportReporter -->
<testsuite hostname="SYS-PC" name="targetpack.WebTableDemo" tests="1" failures="0" timestamp="3 Jan 2015 03:20:52 GMT" time="14.133" errors="0">
  <testcase name="dynamicTable" time="14.133" classname="targetpack.WebTableDemo"/>
</testsuite> <!-- targetpack.WebTableDemo -->
