<?xml version="1.0" encoding="UTF-8"?>
<!-- Generated by org.testng.reporters.JUnitReportReporter -->
<testsuite hostname="Mahesh" name="pRACTICE.Facebooklogin" tests="1" failures="0" timestamp="8 Oct 2015 09:07:04 GMT" time="30.620" errors="0">
  <testcase name="facebook" time="30.620" classname="pRACTICE.Facebooklogin"/>
</testsuite> <!-- pRACTICE.Facebooklogin -->
