<?xml version="1.0" encoding="UTF-8"?>
<!-- Generated by org.testng.reporters.JUnitReportReporter -->
<testsuite hostname="BIJILI" name="practice.Webtables" tests="1" failures="0" timestamp="18 Sep 2017 03:39:47 GMT" time="28.477" errors="0">
  <testcase name="tes" time="28.477" classname="practice.Webtables"/>
</testsuite> <!-- practice.Webtables -->
